{"/home/arifirmanto/Documents/code/javascript/demo-tdd-store/app.js":{"path":"/home/arifirmanto/Documents/code/javascript/demo-tdd-store/app.js","s":{"1":1,"2":1,"3":1,"4":1,"5":1,"6":1,"7":1,"8":1,"9":1,"10":0,"11":1,"12":1},"b":{"1":[0,1]},"f":{"1":1,"2":1},"fnMap":{"1":{"name":"start","line":14,"loc":{"start":{"line":14,"column":0},"end":{"line":14,"column":21}}},"2":{"name":"shutdown","line":18,"loc":{"start":{"line":18,"column":0},"end":{"line":18,"column":20}}}},"statementMap":{"1":{"start":{"line":3,"column":0},"end":{"line":3,"column":32}},"2":{"start":{"line":5,"column":0},"end":{"line":8,"column":11}},"3":{"start":{"line":10,"column":0},"end":{"line":10,"column":23}},"4":{"start":{"line":12,"column":0},"end":{"line":12,"column":32}},"5":{"start":{"line":14,"column":0},"end":{"line":16,"column":1}},"6":{"start":{"line":15,"column":2},"end":{"line":15,"column":22}},"7":{"start":{"line":18,"column":0},"end":{"line":20,"column":1}},"8":{"start":{"line":19,"column":2},"end":{"line":19,"column":17}},"9":{"start":{"line":22,"column":0},"end":{"line":27,"column":1}},"10":{"start":{"line":23,"column":1},"end":{"line":23,"column":13}},"11":{"start":{"line":25,"column":2},"end":{"line":25,"column":24}},"12":{"start":{"line":26,"column":2},"end":{"line":26,"column":30}}},"branchMap":{"1":{"line":22,"type":"if","locations":[{"start":{"line":22,"column":0},"end":{"line":22,"column":0}},{"start":{"line":22,"column":0},"end":{"line":22,"column":0}}]}}},"/home/arifirmanto/Documents/code/javascript/demo-tdd-store/config/initializer.js":{"path":"/home/arifirmanto/Documents/code/javascript/demo-tdd-store/config/initializer.js","s":{"1":1,"2":1,"3":1,"4":1},"b":{"1":[1,0]},"f":{},"fnMap":{},"statementMap":{"1":{"start":{"line":3,"column":0},"end":{"line":3,"column":75}},"2":{"start":{"line":5,"column":0},"end":{"line":5,"column":20}},"3":{"start":{"line":6,"column":0},"end":{"line":6,"column":37}},"4":{"start":{"line":7,"column":0},"end":{"line":7,"column":38}}},"branchMap":{"1":{"line":3,"type":"binary-expr","locations":[{"start":{"line":3,"column":41},"end":{"line":3,"column":56}},{"start":{"line":3,"column":60},"end":{"line":3,"column":73}}]}}},"/home/arifirmanto/Documents/code/javascript/demo-tdd-store/config/environment.js":{"path":"/home/arifirmanto/Documents/code/javascript/demo-tdd-store/config/environment.js","s":{"1":1,"2":1},"b":{},"f":{},"fnMap":{},"statementMap":{"1":{"start":{"line":3,"column":0},"end":{"line":15,"column":1}},"2":{"start":{"line":17,"column":0},"end":{"line":17,"column":21}}},"branchMap":{}},"/home/arifirmanto/Documents/code/javascript/demo-tdd-store/config/mongo.js":{"path":"/home/arifirmanto/Documents/code/javascript/demo-tdd-store/config/mongo.js","s":{"1":1,"2":1,"3":1,"4":1,"5":1,"6":1,"7":0,"8":0,"9":0,"10":1},"b":{},"f":{"1":0,"2":0},"fnMap":{"1":{"name":"(anonymous_1)","line":17,"loc":{"start":{"line":17,"column":21},"end":{"line":17,"column":32}}},"2":{"name":"(anonymous_2)","line":18,"loc":{"start":{"line":18,"column":28},"end":{"line":18,"column":40}}}},"statementMap":{"1":{"start":{"line":2,"column":0},"end":{"line":2,"column":35}},"2":{"start":{"line":4,"column":0},"end":{"line":4,"column":39}},"3":{"start":{"line":8,"column":0},"end":{"line":8,"column":126}},"4":{"start":{"line":11,"column":0},"end":{"line":11,"column":82}},"5":{"start":{"line":14,"column":0},"end":{"line":14,"column":110}},"6":{"start":{"line":17,"column":0},"end":{"line":22,"column":3}},"7":{"start":{"line":18,"column":2},"end":{"line":21,"column":5}},"8":{"start":{"line":19,"column":4},"end":{"line":19,"column":84}},"9":{"start":{"line":20,"column":4},"end":{"line":20,"column":20}},"10":{"start":{"line":25,"column":0},"end":{"line":25,"column":26}}},"branchMap":{}},"/home/arifirmanto/Documents/code/javascript/demo-tdd-store/middleware/routes.js":{"path":"/home/arifirmanto/Documents/code/javascript/demo-tdd-store/middleware/routes.js","s":{"1":1,"2":1,"3":1,"4":1},"b":{},"f":{},"fnMap":{},"statementMap":{"1":{"start":{"line":1,"column":0},"end":{"line":2,"column":40}},"2":{"start":{"line":4,"column":0},"end":{"line":4,"column":41}},"3":{"start":{"line":6,"column":0},"end":{"line":6,"column":44}},"4":{"start":{"line":9,"column":0},"end":{"line":9,"column":24}}},"branchMap":{}},"/home/arifirmanto/Documents/code/javascript/demo-tdd-store/api/product.js":{"path":"/home/arifirmanto/Documents/code/javascript/demo-tdd-store/api/product.js","s":{"1":1,"2":1,"3":0,"4":0,"5":1,"6":0,"7":1,"8":1,"9":1},"b":{},"f":{"1":0,"2":0,"3":0,"4":0,"5":0,"6":0},"fnMap":{"1":{"name":"(anonymous_1)","line":3,"loc":{"start":{"line":3,"column":22},"end":{"line":3,"column":41}}},"2":{"name":"(anonymous_2)","line":4,"loc":{"start":{"line":4,"column":18},"end":{"line":4,"column":42}}},"3":{"name":"(anonymous_3)","line":9,"loc":{"start":{"line":9,"column":24},"end":{"line":9,"column":43}}},"4":{"name":"(anonymous_4)","line":13,"loc":{"start":{"line":13,"column":25},"end":{"line":13,"column":44}}},"5":{"name":"(anonymous_5)","line":17,"loc":{"start":{"line":17,"column":24},"end":{"line":17,"column":43}}},"6":{"name":"(anonymous_6)","line":21,"loc":{"start":{"line":21,"column":24},"end":{"line":21,"column":43}}}},"statementMap":{"1":{"start":{"line":1,"column":0},"end":{"line":1,"column":39}},"2":{"start":{"line":3,"column":0},"end":{"line":7,"column":1}},"3":{"start":{"line":4,"column":1},"end":{"line":6,"column":4}},"4":{"start":{"line":5,"column":2},"end":{"line":5,"column":33}},"5":{"start":{"line":9,"column":0},"end":{"line":11,"column":1}},"6":{"start":{"line":10,"column":1},"end":{"line":10,"column":20}},"7":{"start":{"line":13,"column":0},"end":{"line":15,"column":1}},"8":{"start":{"line":17,"column":0},"end":{"line":19,"column":1}},"9":{"start":{"line":21,"column":0},"end":{"line":23,"column":1}}},"branchMap":{}},"/home/arifirmanto/Documents/code/javascript/demo-tdd-store/db/product.js":{"path":"/home/arifirmanto/Documents/code/javascript/demo-tdd-store/db/product.js","s":{"1":1,"2":1,"3":1,"4":1,"5":1},"b":{},"f":{},"fnMap":{},"statementMap":{"1":{"start":{"line":1,"column":0},"end":{"line":1,"column":32}},"2":{"start":{"line":3,"column":0},"end":{"line":9,"column":3}},"3":{"start":{"line":11,"column":0},"end":{"line":11,"column":40}},"4":{"start":{"line":13,"column":0},"end":{"line":13,"column":40}},"5":{"start":{"line":15,"column":0},"end":{"line":15,"column":25}}},"branchMap":{}}}