TN:
SF:/home/arifirmanto/Documents/code/javascript/demo-tdd-store/app.js
FN:14,start
FN:18,shutdown
FNF:2
FNH:2
FNDA:1,start
FNDA:1,shutdown
DA:3,1
DA:5,1
DA:10,1
DA:12,1
DA:14,1
DA:15,1
DA:18,1
DA:19,1
DA:22,1
DA:23,0
DA:25,1
DA:26,1
LF:12
LH:11
BRDA:22,1,0,0
BRDA:22,1,1,1
BRF:2
BRH:1
end_of_record
TN:
SF:/home/arifirmanto/Documents/code/javascript/demo-tdd-store/config/initializer.js
FNF:0
FNH:0
DA:3,1
DA:5,1
DA:6,1
DA:7,1
LF:4
LH:4
BRDA:3,1,0,1
BRDA:3,1,1,0
BRF:2
BRH:1
end_of_record
TN:
SF:/home/arifirmanto/Documents/code/javascript/demo-tdd-store/config/environment.js
FNF:0
FNH:0
DA:3,1
DA:17,1
LF:2
LH:2
BRF:0
BRH:0
end_of_record
TN:
SF:/home/arifirmanto/Documents/code/javascript/demo-tdd-store/config/mongo.js
FN:17,(anonymous_1)
FN:18,(anonymous_2)
FNF:2
FNH:0
FNDA:0,(anonymous_1)
FNDA:0,(anonymous_2)
DA:2,1
DA:4,1
DA:8,1
DA:11,1
DA:14,1
DA:17,1
DA:18,0
DA:19,0
DA:20,0
DA:25,1
LF:10
LH:7
BRF:0
BRH:0
end_of_record
TN:
SF:/home/arifirmanto/Documents/code/javascript/demo-tdd-store/middleware/routes.js
FNF:0
FNH:0
DA:1,1
DA:4,1
DA:6,1
DA:9,1
LF:4
LH:4
BRF:0
BRH:0
end_of_record
TN:
SF:/home/arifirmanto/Documents/code/javascript/demo-tdd-store/api/product.js
FN:3,(anonymous_1)
FN:4,(anonymous_2)
FN:9,(anonymous_3)
FN:13,(anonymous_4)
FN:17,(anonymous_5)
FN:21,(anonymous_6)
FNF:6
FNH:0
FNDA:0,(anonymous_1)
FNDA:0,(anonymous_2)
FNDA:0,(anonymous_3)
FNDA:0,(anonymous_4)
FNDA:0,(anonymous_5)
FNDA:0,(anonymous_6)
DA:1,1
DA:3,1
DA:4,0
DA:5,0
DA:9,1
DA:10,0
DA:13,1
DA:17,1
DA:21,1
LF:9
LH:6
BRF:0
BRH:0
end_of_record
TN:
SF:/home/arifirmanto/Documents/code/javascript/demo-tdd-store/db/product.js
FNF:0
FNH:0
DA:1,1
DA:3,1
DA:11,1
DA:13,1
DA:15,1
LF:5
LH:5
BRF:0
BRH:0
end_of_record
